The system is: Windows - 10.0.17134 - AMD64
Compiling the C compiler identification source file "CMakeCCompilerId.c" succeeded.
Compiler: C:/Program Files (x86)/Microsoft Visual Studio/2017/Community/VC/Tools/MSVC/14.16.27023/bin/Hostx86/x86/cl.exe 
Build flags: 
Id flags:  

The output was:
0
Microsoft (R) C/C++ Optimizing Compiler Version 19.16.27024.1 for x86
Copyright (C) Microsoft Corporation.  All rights reserved.

CMakeCCompilerId.c
Microsoft (R) Incremental Linker Version 14.16.27024.1
Copyright (C) Microsoft Corporation.  All rights reserved.

/out:CMakeCCompilerId.exe 
CMakeCCompilerId.obj 


Compilation of the C compiler identification source "CMakeCCompilerId.c" produced "CMakeCCompilerId.exe"

Compilation of the C compiler identification source "CMakeCCompilerId.c" produced "CMakeCCompilerId.obj"

The C compiler identification is MSVC, found in "C:/Users/trana/OneDrive/Desktop/Homework/COE449/project4/cmake-build-debug/CMakeFiles/3.12.2/CompilerIdC/CMakeCCompilerId.exe"

Determining if the C compiler works passed with the following output:
Change Dir: C:/Users/trana/OneDrive/Desktop/Homework/COE449/project4/cmake-build-debug/CMakeFiles/CMakeTmp

Run Build Command:"nmake" "/nologo" "cmTC_7e9f1\fast"
	"C:\Program Files (x86)\Microsoft Visual Studio\2017\Community\VC\Tools\MSVC\14.16.27023\bin\HostX86\x86\nmake.exe" -f CMakeFiles\cmTC_7e9f1.dir\build.make /nologo -L                  CMakeFiles\cmTC_7e9f1.dir\build
Building C object CMakeFiles/cmTC_7e9f1.dir/testCCompiler.c.obj
	C:\PROGRA~2\MICROS~1\2017\COMMUN~1\VC\Tools\MSVC\1416~1.270\bin\Hostx86\x86\cl.exe @C:\Users\trana\AppData\Local\Temp\nmB25B.tmp
testCCompiler.c
Linking C executable cmTC_7e9f1.exe
	"D:\Program Files\JetBrains\CLion 2018.2.4\bin\cmake\win\bin\cmake.exe" -E vs_link_exe --intdir=CMakeFiles\cmTC_7e9f1.dir --manifests  -- C:\PROGRA~2\MICROS~1\2017\COMMUN~1\VC\Tools\MSVC\1416~1.270\bin\Hostx86\x86\link.exe /nologo @CMakeFiles\cmTC_7e9f1.dir\objects1.rsp @C:\Users\trana\AppData\Local\Temp\nmB402.tmp


Detecting C compiler ABI info compiled with the following output:
Change Dir: C:/Users/trana/OneDrive/Desktop/Homework/COE449/project4/cmake-build-debug/CMakeFiles/CMakeTmp

Run Build Command:"nmake" "/nologo" "cmTC_8fd3b\fast"
	"C:\Program Files (x86)\Microsoft Visual Studio\2017\Community\VC\Tools\MSVC\14.16.27023\bin\HostX86\x86\nmake.exe" -f CMakeFiles\cmTC_8fd3b.dir\build.make /nologo -L                  CMakeFiles\cmTC_8fd3b.dir\build
Building C object CMakeFiles/cmTC_8fd3b.dir/CMakeCCompilerABI.c.obj
	C:\PROGRA~2\MICROS~1\2017\COMMUN~1\VC\Tools\MSVC\1416~1.270\bin\Hostx86\x86\cl.exe @C:\Users\trana\AppData\Local\Temp\nmB7BA.tmp
CMakeCCompilerABI.c
Linking C executable cmTC_8fd3b.exe
	"D:\Program Files\JetBrains\CLion 2018.2.4\bin\cmake\win\bin\cmake.exe" -E vs_link_exe --intdir=CMakeFiles\cmTC_8fd3b.dir --manifests  -- C:\PROGRA~2\MICROS~1\2017\COMMUN~1\VC\Tools\MSVC\1416~1.270\bin\Hostx86\x86\link.exe /nologo @CMakeFiles\cmTC_8fd3b.dir\objects1.rsp @C:\Users\trana\AppData\Local\Temp\nmB829.tmp




Detecting C [] compiler features compiled with the following output:
Change Dir: C:/Users/trana/OneDrive/Desktop/Homework/COE449/project4/cmake-build-debug/CMakeFiles/CMakeTmp

Run Build Command:"nmake" "/nologo" "cmTC_a8414\fast"
	"C:\Program Files (x86)\Microsoft Visual Studio\2017\Community\VC\Tools\MSVC\14.16.27023\bin\HostX86\x86\nmake.exe" -f CMakeFiles\cmTC_a8414.dir\build.make /nologo -L                  CMakeFiles\cmTC_a8414.dir\build
Building C object CMakeFiles/cmTC_a8414.dir/feature_tests.c.obj
	C:\PROGRA~2\MICROS~1\2017\COMMUN~1\VC\Tools\MSVC\1416~1.270\bin\Hostx86\x86\cl.exe @C:\Users\trana\AppData\Local\Temp\nmBB93.tmp
feature_tests.c
Linking C executable cmTC_a8414.exe
	"D:\Program Files\JetBrains\CLion 2018.2.4\bin\cmake\win\bin\cmake.exe" -E vs_link_exe --intdir=CMakeFiles\cmTC_a8414.dir --manifests  -- C:\PROGRA~2\MICROS~1\2017\COMMUN~1\VC\Tools\MSVC\1416~1.270\bin\Hostx86\x86\link.exe /nologo @CMakeFiles\cmTC_a8414.dir\objects1.rsp @C:\Users\trana\AppData\Local\Temp\nmBC01.tmp


    Feature record: C_FEATURE:1c_function_prototypes
    Feature record: C_FEATURE:1c_variadic_macros
