brk: 0x602000
head->NULL
brk: 0x60208f
head->[1:0:29]->[1:29:27]->[1:56:26]->[1:82:29]->[1:111:32]->NULL
this is a test program
brk: 0x60208f
head->[1:0:29]->[1:29:27]->[1:56:26]->[1:82:29]->[1:111:32]->NULL
this * a * program
brk: 0x60208f
head->[1:0:29]->[0:29:27]->[1:56:26]->[0:82:29]->[1:111:32]->NULL
* * a * program
brk: 0x60208f
head->[0:0:56]->[1:56:26]->[0:82:29]->[1:111:32]->NULL
this * a * program
brk: 0x60208f
head->[0:0:56]->[1:56:26]->[1:82:29]->[1:111:32]->NULL
this is a test program
brk: 0x60208f
head->[1:0:27]->[1:27:29]->[1:56:26]->[1:82:29]->[1:111:32]->NULL
* * * * *
brk: 0x602000
head->NULL
