heap content at beginning:
brk: 0x602000
head->NULL
heap content after test1:
brk: 0x6032c0
head->[1:0:48]->[1:48:48]->[1:96:48]->[1:144:48]->[1:192:48]->[1:240:48]->[1:288:48]->[1:336:48]->[1:384:48]->[1:432:48]->[1:480:48]->[1:528:48]->[1:576:48]->[1:624:48]->[1:672:48]->[1:720:48]->[1:768:48]->[1:816:48]->[1:864:48]->[1:912:48]->[1:960:48]->[1:1008:48]->[1:1056:48]->[1:1104:48]->[1:1152:48]->[1:1200:48]->[1:1248:48]->[1:1296:48]->[1:1344:48]->[1:1392:48]->[1:1440:48]->[1:1488:48]->[1:1536:48]->[1:1584:48]->[1:1632:48]->[1:1680:48]->[1:1728:48]->[1:1776:48]->[1:1824:48]->[1:1872:48]->[1:1920:48]->[1:1968:48]->[1:2016:48]->[1:2064:48]->[1:2112:48]->[1:2160:48]->[1:2208:48]->[1:2256:48]->[1:2304:48]->[1:2352:48]->[1:2400:48]->[1:2448:48]->[1:2496:48]->[1:2544:48]->[1:2592:48]->[1:2640:48]->[1:2688:48]->[1:2736:48]->[1:2784:48]->[1:2832:48]->[1:2880:48]->[1:2928:48]->[1:2976:48]->[1:3024:48]->[1:3072:48]->[1:3120:48]->[1:3168:48]->[1:3216:48]->[1:3264:48]->[1:3312:48]->[1:3360:48]->[1:3408:48]->[1:3456:48]->[1:3504:48]->[1:3552:48]->[1:3600:48]->[1:3648:48]->[1:3696:48]->[1:3744:48]->[1:3792:48]->[1:3840:48]->[1:3888:48]->[1:3936:48]->[1:3984:48]->[1:4032:48]->[1:4080:48]->[1:4128:48]->[1:4176:48]->[1:4224:48]->[1:4272:48]->[1:4320:48]->[1:4368:48]->[1:4416:48]->[1:4464:48]->[1:4512:48]->[1:4560:48]->[1:4608:48]->[1:4656:48]->[1:4704:48]->[1:4752:48]->NULL
91
34
97
62
42
10
38
26
61
27
4
33
81
20
73
39
11
74
99
45
94
9
89
30
86
69
16
57
68
1
90
84
96
19
56
6
78
31
52
29
50
40
44
65
0
82
59
93
7
67
79
15
87
23
18
3
95
92
24
35
14
55
12
83
75
66
22
13
36
41
54
25
76
2
98
63
58
60
64
8
43
32
47
5
72
70
46
48
80
28
88
49
53
17
51
77
21
71
37
85
heap content after test1 free:
brk: 0x602000
head->NULL
heap content after test2:
brk: 0x6021a8
head->[1:0:424]->NULL
2
4
5
5
6
7
9
10
11
11
12
12
14
14
14
15
17
19
20
21
23
23
24
25
26
27
28
28
28
30
31
32
33
33
33
34
36
37
37
38
39
39
42
42
42
43
46
50
52
53
54
55
57
57
59
60
64
64
66
67
67
67
68
69
69
70
70
74
75
75
76
77
79
79
79
80
80
81
83
84
85
86
87
87
89
89
90
92
92
93
93
95
96
96
97
97
98
98
99
100
heap content after test2 free:
brk: 0x602000
head->NULL
