The system is: Windows - 10.0.17134 - AMD64
Compiling the C compiler identification source file "CMakeCCompilerId.c" succeeded.
Compiler: C:/Program Files (x86)/Microsoft Visual Studio/2017/Community/VC/Tools/MSVC/14.15.26726/bin/Hostx86/x86/cl.exe 
Build flags: 
Id flags:  

The output was:
0
Microsoft (R) C/C++ Optimizing Compiler Version 19.15.26730 for x86
Copyright (C) Microsoft Corporation.  All rights reserved.

CMakeCCompilerId.c
Microsoft (R) Incremental Linker Version 14.15.26730.0
Copyright (C) Microsoft Corporation.  All rights reserved.

/out:CMakeCCompilerId.exe 
CMakeCCompilerId.obj 


Compilation of the C compiler identification source "CMakeCCompilerId.c" produced "CMakeCCompilerId.exe"

Compilation of the C compiler identification source "CMakeCCompilerId.c" produced "CMakeCCompilerId.obj"

The C compiler identification is MSVC, found in "C:/Users/trana/Desktop/Homework/COE449/project2/cmake-build-debug/CMakeFiles/3.12.2/CompilerIdC/CMakeCCompilerId.exe"

Determining if the C compiler works passed with the following output:
Change Dir: C:/Users/trana/Desktop/Homework/COE449/project2/cmake-build-debug/CMakeFiles/CMakeTmp

Run Build Command:"nmake" "/nologo" "cmTC_2eff0\fast"
	"C:\Program Files (x86)\Microsoft Visual Studio\2017\Community\VC\Tools\MSVC\14.15.26726\bin\HostX86\x86\nmake.exe" -f CMakeFiles\cmTC_2eff0.dir\build.make /nologo -L                  CMakeFiles\cmTC_2eff0.dir\build
Building C object CMakeFiles/cmTC_2eff0.dir/testCCompiler.c.obj
	C:\PROGRA~2\MIB055~1\2017\COMMUN~1\VC\Tools\MSVC\1415~1.267\bin\Hostx86\x86\cl.exe @C:\Users\trana\AppData\Local\Temp\nm6F0C.tmp
testCCompiler.c
Linking C executable cmTC_2eff0.exe
	"C:\Program Files\JetBrains\CLion 2018.2.4\bin\cmake\win\bin\cmake.exe" -E vs_link_exe --intdir=CMakeFiles\cmTC_2eff0.dir --manifests  -- C:\PROGRA~2\MIB055~1\2017\COMMUN~1\VC\Tools\MSVC\1415~1.267\bin\Hostx86\x86\link.exe /nologo @CMakeFiles\cmTC_2eff0.dir\objects1.rsp @C:\Users\trana\AppData\Local\Temp\nm7055.tmp


Detecting C compiler ABI info compiled with the following output:
Change Dir: C:/Users/trana/Desktop/Homework/COE449/project2/cmake-build-debug/CMakeFiles/CMakeTmp

Run Build Command:"nmake" "/nologo" "cmTC_b3e51\fast"
	"C:\Program Files (x86)\Microsoft Visual Studio\2017\Community\VC\Tools\MSVC\14.15.26726\bin\HostX86\x86\nmake.exe" -f CMakeFiles\cmTC_b3e51.dir\build.make /nologo -L                  CMakeFiles\cmTC_b3e51.dir\build
Building C object CMakeFiles/cmTC_b3e51.dir/CMakeCCompilerABI.c.obj
	C:\PROGRA~2\MIB055~1\2017\COMMUN~1\VC\Tools\MSVC\1415~1.267\bin\Hostx86\x86\cl.exe @C:\Users\trana\AppData\Local\Temp\nm7B31.tmp
CMakeCCompilerABI.c
Linking C executable cmTC_b3e51.exe
	"C:\Program Files\JetBrains\CLion 2018.2.4\bin\cmake\win\bin\cmake.exe" -E vs_link_exe --intdir=CMakeFiles\cmTC_b3e51.dir --manifests  -- C:\PROGRA~2\MIB055~1\2017\COMMUN~1\VC\Tools\MSVC\1415~1.267\bin\Hostx86\x86\link.exe /nologo @CMakeFiles\cmTC_b3e51.dir\objects1.rsp @C:\Users\trana\AppData\Local\Temp\nm7C7A.tmp




Detecting C [] compiler features compiled with the following output:
Change Dir: C:/Users/trana/Desktop/Homework/COE449/project2/cmake-build-debug/CMakeFiles/CMakeTmp

Run Build Command:"nmake" "/nologo" "cmTC_00496\fast"
	"C:\Program Files (x86)\Microsoft Visual Studio\2017\Community\VC\Tools\MSVC\14.15.26726\bin\HostX86\x86\nmake.exe" -f CMakeFiles\cmTC_00496.dir\build.make /nologo -L                  CMakeFiles\cmTC_00496.dir\build
Building C object CMakeFiles/cmTC_00496.dir/feature_tests.c.obj
	C:\PROGRA~2\MIB055~1\2017\COMMUN~1\VC\Tools\MSVC\1415~1.267\bin\Hostx86\x86\cl.exe @C:\Users\trana\AppData\Local\Temp\nm8514.tmp
feature_tests.c
Linking C executable cmTC_00496.exe
	"C:\Program Files\JetBrains\CLion 2018.2.4\bin\cmake\win\bin\cmake.exe" -E vs_link_exe --intdir=CMakeFiles\cmTC_00496.dir --manifests  -- C:\PROGRA~2\MIB055~1\2017\COMMUN~1\VC\Tools\MSVC\1415~1.267\bin\Hostx86\x86\link.exe /nologo @CMakeFiles\cmTC_00496.dir\objects1.rsp @C:\Users\trana\AppData\Local\Temp\nm861F.tmp


    Feature record: C_FEATURE:1c_function_prototypes
    Feature record: C_FEATURE:1c_variadic_macros
